<?xml version="1.0" encoding="UTF-8"?>
<!-- Generated by org.testng.reporters.JUnitXMLReporter -->
<testsuite ignored="0" hostname="DESKTOP-281OCTQ" failures="0" tests="4" name="Test2" time="2.324" errors="0" timestamp="2024-06-22T16:09:30 IST">
  <testcase classname="baseClass.BaseClass" name="@BeforeMethod setupBrowser" time="-1.7190527682E9">
    <failure type="org.testng.TestNGException" message="
Parameter &amp;apos;browser&amp;apos; is required by BeforeMethod on method setupBrowser but has not been marked @Optional or defined
in C:\Users\user\E-CommerceApplication_Framework\testng.xml">
      <![CDATA[org.testng.TestNGException: 
Parameter 'browser' is required by BeforeMethod on method setupBrowser but has not been marked @Optional or defined
in C:\Users\user\E-CommerceApplication_Framework\testng.xml
at java.base/java.util.ArrayList.forEach(ArrayList.java:1511)
at java.base/java.util.concurrent.FutureTask.run(FutureTask.java:264)
at java.base/java.util.concurrent.ThreadPoolExecutor.runWorker(ThreadPoolExecutor.java:1136)
at java.base/java.util.concurrent.ThreadPoolExecutor$Worker.run(ThreadPoolExecutor.java:635)
at java.base/java.lang.Thread.run(Thread.java:833)
... Removed 18 stack frames]]>
    </failure>
  </testcase> <!-- @BeforeMethod setupBrowser -->
  <testcase classname="baseClass.BaseClass" name="@AfterMethod getReports" time="0.0">
    <skipped/>
  </testcase> <!-- @AfterMethod getReports -->
  <testcase classname="baseClass.BaseClass" name="@BeforeMethod setupBrowser" time="0.0">
    <skipped/>
  </testcase> <!-- @BeforeMethod setupBrowser -->
  <testcase classname="baseClass.BaseClass" name="@AfterMethod getReports" time="0.0">
    <skipped/>
  </testcase> <!-- @AfterMethod getReports -->
  <testcase classname="baseClass.BaseClass" name="@BeforeMethod setupBrowser" time="0.0">
    <skipped/>
  </testcase> <!-- @BeforeMethod setupBrowser -->
  <testcase classname="baseClass.BaseClass" name="@AfterMethod getReports" time="0.0">
    <skipped/>
  </testcase> <!-- @AfterMethod getReports -->
  <testcase classname="baseClass.BaseClass" name="@BeforeMethod setupBrowser" time="0.0">
    <skipped/>
  </testcase> <!-- @BeforeMethod setupBrowser -->
  <testcase classname="baseClass.BaseClass" name="@AfterMethod getReports" time="0.0">
    <skipped/>
  </testcase> <!-- @AfterMethod getReports -->
  <testcase classname="baseClass.BaseClass" name="@AfterTest teardown" time="1.333">
    <failure type="java.lang.NullPointerException" message="Cannot invoke &amp;quot;org.openqa.selenium.WebDriver.quit()&amp;quot; because &amp;quot;baseClass.BaseClass.driver&amp;quot; is null">
      <![CDATA[java.lang.NullPointerException: Cannot invoke "org.openqa.selenium.WebDriver.quit()" because "baseClass.BaseClass.driver" is null
at baseClass.BaseClass.teardown(BaseClass.java:76)
at java.base/java.util.concurrent.FutureTask.run(FutureTask.java:264)
at java.base/java.util.concurrent.ThreadPoolExecutor.runWorker(ThreadPoolExecutor.java:1136)
at java.base/java.util.concurrent.ThreadPoolExecutor$Worker.run(ThreadPoolExecutor.java:635)
at java.base/java.lang.Thread.run(Thread.java:833)
... Removed 14 stack frames]]>
    </failure>
  </testcase> <!-- @AfterTest teardown -->
  <testcase classname="testcases.SingleProduct_MultipleQuantity" name="searchFromGoogle" time="0.0">
    <skipped/>
  </testcase> <!-- searchFromGoogle -->
  <testcase classname="testcases.SingleProduct_MultipleQuantity" name="homePage" time="0.0">
    <skipped/>
  </testcase> <!-- homePage -->
  <testcase classname="testcases.SingleProduct_MultipleQuantity" name="checkoutPage" time="0.0">
    <skipped/>
  </testcase> <!-- checkoutPage -->
  <testcase classname="testcases.SingleProduct_MultipleQuantity" name="selectCountry" time="0.001">
    <skipped/>
  </testcase> <!-- selectCountry -->
</testsuite> <!-- Test2 -->
