<?xml version="1.0" encoding="UTF-8"?>
<!-- Generated by org.testng.reporters.JUnitXMLReporter -->
<testsuite ignored="4" hostname="DESKTOP-281OCTQ" failures="0" tests="12" name="Test" time="1.825" errors="0" timestamp="2024-06-22T16:23:23 IST">
  <testcase classname="baseClass.BaseClass" name="@BeforeMethod setupBrowser" time="-1.719053602483E9">
    <failure type="org.testng.TestNGException" message="
Parameter &amp;apos;browser&amp;apos; is required by BeforeMethod on method setupBrowser but has not been marked @Optional or defined
in C:\Users\user\E-CommerceApplication_Framework\testng.xml">
      <![CDATA[org.testng.TestNGException: 
Parameter 'browser' is required by BeforeMethod on method setupBrowser but has not been marked @Optional or defined
in C:\Users\user\E-CommerceApplication_Framework\testng.xml
at java.base/java.util.concurrent.Executors$RunnableAdapter.call(Executors.java:539)
at java.base/java.util.concurrent.FutureTask.run(FutureTask.java:264)
at java.base/java.util.concurrent.ThreadPoolExecutor.runWorker(ThreadPoolExecutor.java:1136)
at java.base/java.util.concurrent.ThreadPoolExecutor$Worker.run(ThreadPoolExecutor.java:635)
at java.base/java.lang.Thread.run(Thread.java:833)
... Removed 14 stack frames]]>
    </failure>
  </testcase> <!-- @BeforeMethod setupBrowser -->
  <testcase classname="baseClass.BaseClass" name="@BeforeMethod setupBrowser" time="-1.719053602482E9">
    <failure type="org.testng.TestNGException" message="
Parameter &amp;apos;browser&amp;apos; is required by BeforeMethod on method setupBrowser but has not been marked @Optional or defined
in C:\Users\user\E-CommerceApplication_Framework\testng.xml">
      <![CDATA[org.testng.TestNGException: 
Parameter 'browser' is required by BeforeMethod on method setupBrowser but has not been marked @Optional or defined
in C:\Users\user\E-CommerceApplication_Framework\testng.xml
at java.base/java.util.concurrent.Executors$RunnableAdapter.call(Executors.java:539)
at java.base/java.util.concurrent.FutureTask.run(FutureTask.java:264)
at java.base/java.util.concurrent.ThreadPoolExecutor.runWorker(ThreadPoolExecutor.java:1136)
at java.base/java.util.concurrent.ThreadPoolExecutor$Worker.run(ThreadPoolExecutor.java:635)
at java.base/java.lang.Thread.run(Thread.java:833)
... Removed 14 stack frames]]>
    </failure>
  </testcase> <!-- @BeforeMethod setupBrowser -->
  <testcase classname="baseClass.BaseClass" name="@BeforeMethod setupBrowser" time="-1.719053602484E9">
    <failure type="org.testng.TestNGException" message="
Parameter &amp;apos;browser&amp;apos; is required by BeforeMethod on method setupBrowser but has not been marked @Optional or defined
in C:\Users\user\E-CommerceApplication_Framework\testng.xml">
      <![CDATA[org.testng.TestNGException: 
Parameter 'browser' is required by BeforeMethod on method setupBrowser but has not been marked @Optional or defined
in C:\Users\user\E-CommerceApplication_Framework\testng.xml
at java.base/java.util.concurrent.Executors$RunnableAdapter.call(Executors.java:539)
at java.base/java.util.concurrent.FutureTask.run(FutureTask.java:264)
at java.base/java.util.concurrent.ThreadPoolExecutor.runWorker(ThreadPoolExecutor.java:1136)
at java.base/java.util.concurrent.ThreadPoolExecutor$Worker.run(ThreadPoolExecutor.java:635)
at java.base/java.lang.Thread.run(Thread.java:833)
... Removed 14 stack frames]]>
    </failure>
  </testcase> <!-- @BeforeMethod setupBrowser -->
  <testcase classname="baseClass.BaseClass" name="@AfterMethod getReports" time="0.0">
    <skipped/>
  </testcase> <!-- @AfterMethod getReports -->
  <testcase classname="baseClass.BaseClass" name="@BeforeMethod setupBrowser" time="0.0">
    <skipped/>
  </testcase> <!-- @BeforeMethod setupBrowser -->
  <testcase classname="baseClass.BaseClass" name="@AfterMethod getReports" time="0.0">
    <skipped/>
  </testcase> <!-- @AfterMethod getReports -->
  <testcase classname="baseClass.BaseClass" name="@AfterMethod getReports" time="0.0">
    <skipped/>
  </testcase> <!-- @AfterMethod getReports -->
  <testcase classname="baseClass.BaseClass" name="@BeforeMethod setupBrowser" time="0.0">
    <skipped/>
  </testcase> <!-- @BeforeMethod setupBrowser -->
  <testcase classname="baseClass.BaseClass" name="@AfterMethod getReports" time="0.0">
    <skipped/>
  </testcase> <!-- @AfterMethod getReports -->
  <testcase classname="baseClass.BaseClass" name="@BeforeMethod setupBrowser" time="0.0">
    <skipped/>
  </testcase> <!-- @BeforeMethod setupBrowser -->
  <testcase classname="baseClass.BaseClass" name="@BeforeMethod setupBrowser" time="0.0">
    <skipped/>
  </testcase> <!-- @BeforeMethod setupBrowser -->
  <testcase classname="baseClass.BaseClass" name="@AfterMethod getReports" time="0.0">
    <skipped/>
  </testcase> <!-- @AfterMethod getReports -->
  <testcase classname="baseClass.BaseClass" name="@BeforeMethod setupBrowser" time="0.0">
    <skipped/>
  </testcase> <!-- @BeforeMethod setupBrowser -->
  <testcase classname="baseClass.BaseClass" name="@AfterMethod getReports" time="0.0">
    <skipped/>
  </testcase> <!-- @AfterMethod getReports -->
  <testcase classname="baseClass.BaseClass" name="@BeforeMethod setupBrowser" time="0.0">
    <skipped/>
  </testcase> <!-- @BeforeMethod setupBrowser -->
  <testcase classname="baseClass.BaseClass" name="@AfterMethod getReports" time="0.0">
    <skipped/>
  </testcase> <!-- @AfterMethod getReports -->
  <testcase classname="baseClass.BaseClass" name="@AfterMethod getReports" time="0.0">
    <skipped/>
  </testcase> <!-- @AfterMethod getReports -->
  <testcase classname="baseClass.BaseClass" name="@BeforeMethod setupBrowser" time="0.0">
    <skipped/>
  </testcase> <!-- @BeforeMethod setupBrowser -->
  <testcase classname="baseClass.BaseClass" name="@AfterMethod getReports" time="0.0">
    <skipped/>
  </testcase> <!-- @AfterMethod getReports -->
  <testcase classname="baseClass.BaseClass" name="@AfterMethod getReports" time="0.0">
    <skipped/>
  </testcase> <!-- @AfterMethod getReports -->
  <testcase classname="baseClass.BaseClass" name="@BeforeMethod setupBrowser" time="0.0">
    <skipped/>
  </testcase> <!-- @BeforeMethod setupBrowser -->
  <testcase classname="baseClass.BaseClass" name="@AfterMethod getReports" time="0.0">
    <skipped/>
  </testcase> <!-- @AfterMethod getReports -->
  <testcase classname="baseClass.BaseClass" name="@BeforeMethod setupBrowser" time="0.0">
    <skipped/>
  </testcase> <!-- @BeforeMethod setupBrowser -->
  <testcase classname="baseClass.BaseClass" name="@AfterMethod getReports" time="0.0">
    <skipped/>
  </testcase> <!-- @AfterMethod getReports -->
  <testcase classname="baseClass.BaseClass" name="@AfterTest teardown" time="0.473">
    <failure type="java.lang.NullPointerException" message="Cannot invoke &amp;quot;org.openqa.selenium.WebDriver.quit()&amp;quot; because &amp;quot;baseClass.BaseClass.driver&amp;quot; is null">
      <![CDATA[java.lang.NullPointerException: Cannot invoke "org.openqa.selenium.WebDriver.quit()" because "baseClass.BaseClass.driver" is null
at baseClass.BaseClass.teardown(BaseClass.java:76)
... Removed 24 stack frames]]>
    </failure>
  </testcase> <!-- @AfterTest teardown -->
  <testcase classname="testcases.SingleProduct_MultipleQuantity" name="searchFromGoogle" time="0.001">
    <skipped/>
  </testcase> <!-- searchFromGoogle -->
  <testcase classname="testcases.SingleProduct" name="searchFromGoogle" time="0.0">
    <skipped/>
  </testcase> <!-- searchFromGoogle -->
  <testcase classname="testcases.MultiProduct" name="searchFromGoogle" time="0.02">
    <skipped/>
  </testcase> <!-- searchFromGoogle -->
  <testcase classname="testcases.SingleProduct" name="homePage" time="0.0">
    <skipped/>
  </testcase> <!-- homePage -->
  <testcase classname="testcases.MultiProduct" name="homePage" time="0.0">
    <skipped/>
  </testcase> <!-- homePage -->
  <testcase classname="testcases.MultiProduct" name="checkoutPage" time="0.0">
    <skipped/>
  </testcase> <!-- checkoutPage -->
  <testcase classname="testcases.SingleProduct" name="checkoutPage" time="0.0">
    <skipped/>
  </testcase> <!-- checkoutPage -->
  <testcase classname="testcases.SingleProduct" name="selectCountry" time="0.0">
    <skipped/>
  </testcase> <!-- selectCountry -->
  <testcase classname="testcases.MultiProduct" name="selectCountry" time="0.0">
    <skipped/>
  </testcase> <!-- selectCountry -->
  <testcase classname="testcases.SingleProduct_MultipleQuantity" name="homePage" time="0.0">
    <skipped/>
  </testcase> <!-- homePage -->
  <testcase classname="testcases.SingleProduct_MultipleQuantity" name="checkoutPage" time="0.0">
    <skipped/>
  </testcase> <!-- checkoutPage -->
  <testcase classname="testcases.SingleProduct_MultipleQuantity" name="selectCountry" time="0.0">
    <skipped/>
  </testcase> <!-- selectCountry -->
  <testcase classname="baseClass.BaseClass" name="@BeforeTest createReports" time="0.0">
    <ignored/>
  </testcase> <!-- @BeforeTest createReports -->
  <testcase classname="baseClass.BaseClass" name="@AfterTest teardown" time="0.0">
    <ignored/>
  </testcase> <!-- @AfterTest teardown -->
  <testcase classname="baseClass.BaseClass" name="@BeforeTest createReports" time="0.0">
    <ignored/>
  </testcase> <!-- @BeforeTest createReports -->
  <testcase classname="baseClass.BaseClass" name="@AfterTest teardown" time="0.0">
    <ignored/>
  </testcase> <!-- @AfterTest teardown -->
</testsuite> <!-- Test -->
