<?xml version="1.0" encoding="UTF-8"?>
<!-- Generated by org.testng.reporters.JUnitXMLReporter -->
<testsuite ignored="0" hostname="DESKTOP-281OCTQ" failures="1" tests="2" name="ChromeTest" time="46.989" errors="0" timestamp="2024-10-02T09:20:29 IST">
  <testcase classname="testCases.TC_1" name="enterCredentials" time="7.536">
    <skipped/>
  </testcase> <!-- enterCredentials -->
  <testcase classname="testCases.TC_1" name="enterCredentials" time="16.949">
    <failure type="java.lang.AssertionError" message="expected [false] but found [true]">
      <![CDATA[java.lang.AssertionError: expected [false] but found [true]
at pageActions.LoginPage_Actions.verifyLogin(LoginPage_Actions.java:22)
at testCases.TC_1.enterCredentials(TC_1.java:23)
at java.base/java.util.ArrayList.forEach(ArrayList.java:1596)
... Removed 29 stack frames]]>
    </failure>
  </testcase> <!-- enterCredentials -->
</testsuite> <!-- ChromeTest -->
