<?xml version="1.0" encoding="UTF-8"?>
<!-- Generated by org.testng.reporters.JUnitXMLReporter -->
<testsuite ignored="0" hostname="DESKTOP-281OCTQ" failures="1" tests="4" name="Test" time="109.292" errors="0" timestamp="2024-09-25T17:41:26 IST">
  <testcase classname="testCases.TC_1" name="enterCredentials" time="7.086">
    <skipped/>
  </testcase> <!-- enterCredentials -->
  <testcase classname="testCases.TC_1" name="enterCredentials" time="6.83">
    <skipped/>
  </testcase> <!-- enterCredentials -->
  <testcase classname="testCases.TC_1" name="enterCredentials" time="7.15">
    <skipped/>
  </testcase> <!-- enterCredentials -->
  <testcase classname="testCases.TC_1" name="enterCredentials" time="8.418">
    <failure type="java.lang.AssertionError" message="expected [false] but found [true]">
      <![CDATA[java.lang.AssertionError: expected [false] but found [true]
at pageActions.LoginPage_Actions.verifyLogin(LoginPage_Actions.java:22)
at testCases.TC_1.enterCredentials(TC_1.java:23)
at java.base/java.util.ArrayList.forEach(ArrayList.java:1596)
... Removed 29 stack frames]]>
    </failure>
  </testcase> <!-- enterCredentials -->
</testsuite> <!-- Test -->
